<?xml version="1.0" encoding="UTF-8"?>
<coverage generated="1589845961328" clover="3.2.0">
  <project timestamp="1589845961328" name="All files">
    <metrics statements="6" coveredstatements="5" conditionals="4" coveredconditionals="1" methods="3" coveredmethods="2" elements="13" coveredelements="8" complexity="0" loc="6" ncloc="6" packages="1" files="1" classes="1"/>
    <file name="notes.js" path="/mnt/c/Users/STD/codefellows/401/notes/lib/notes.js">
      <metrics statements="6" coveredstatements="5" conditionals="4" coveredconditionals="1" methods="3" coveredmethods="2"/>
      <line num="8" count="0" type="cond" truecount="0" falsecount="2"/>
      <line num="13" count="1" type="cond" truecount="1" falsecount="1"/>
      <line num="14" count="1" type="stmt"/>
      <line num="15" count="1" type="stmt"/>
      <line num="16" count="1" type="stmt"/>
      <line num="23" count="1" type="stmt"/>
    </file>
  </project>
</coverage>
