{"/mnt/c/Users/STD/codefellows/401/notes/lib/input.js": {"path":"/mnt/c/Users/STD/codefellows/401/notes/lib/input.js","statementMap":{"0":{"start":{"line":2,"column":17},"end":{"line":2,"column":36}},"1":{"start":{"line":6,"column":4},"end":{"line":6,"column":13}},"2":{"start":{"line":7,"column":18},"end":{"line":7,"column":49}},"3":{"start":{"line":8,"column":4},"end":{"line":27,"column":5}},"4":{"start":{"line":9,"column":6},"end":{"line":14,"column":7}},"5":{"start":{"line":10,"column":8},"end":{"line":10,"column":65}},"6":{"start":{"line":13,"column":8},"end":{"line":13,"column":30}},"7":{"start":{"line":16,"column":9},"end":{"line":27,"column":5}},"8":{"start":{"line":17,"column":6},"end":{"line":17,"column":34}},"9":{"start":{"line":19,"column":9},"end":{"line":27,"column":5}},"10":{"start":{"line":20,"column":6},"end":{"line":20,"column":38}},"11":{"start":{"line":21,"column":10},"end":{"line":27,"column":5}},"12":{"start":{"line":22,"column":6},"end":{"line":22,"column":44}},"13":{"start":{"line":23,"column":6},"end":{"line":23,"column":37}},"14":{"start":{"line":26,"column":6},"end":{"line":26,"column":28}},"15":{"start":{"line":30,"column":4},"end":{"line":39,"column":5}},"16":{"start":{"line":31,"column":6},"end":{"line":31,"column":28}},"17":{"start":{"line":33,"column":9},"end":{"line":39,"column":5}},"18":{"start":{"line":34,"column":6},"end":{"line":34,"column":69}},"19":{"start":{"line":35,"column":6},"end":{"line":35,"column":22}},"20":{"start":{"line":38,"column":6},"end":{"line":38,"column":39}},"21":{"start":{"line":42,"column":4},"end":{"line":49,"column":5}},"22":{"start":{"line":43,"column":6},"end":{"line":43,"column":52}},"23":{"start":{"line":44,"column":6},"end":{"line":44,"column":22}},"24":{"start":{"line":47,"column":6},"end":{"line":47,"column":51}},"25":{"start":{"line":48,"column":6},"end":{"line":48,"column":22}},"26":{"start":{"line":52,"column":4},"end":{"line":58,"column":5}},"27":{"start":{"line":53,"column":6},"end":{"line":53,"column":32}},"28":{"start":{"line":56,"column":6},"end":{"line":56,"column":54}},"29":{"start":{"line":57,"column":6},"end":{"line":57,"column":22}},"30":{"start":{"line":62,"column":14},"end":{"line":62,"column":27}},"31":{"start":{"line":63,"column":4},"end":{"line":68,"column":5}},"32":{"start":{"line":64,"column":6},"end":{"line":64,"column":18}},"33":{"start":{"line":67,"column":6},"end":{"line":67,"column":19}},"34":{"start":{"line":74,"column":0},"end":{"line":74,"column":23}}},"fnMap":{"0":{"name":"(anonymous_0)","decl":{"start":{"line":5,"column":2},"end":{"line":5,"column":3}},"loc":{"start":{"line":5,"column":16},"end":{"line":28,"column":3}},"line":5},"1":{"name":"(anonymous_1)","decl":{"start":{"line":29,"column":2},"end":{"line":29,"column":3}},"loc":{"start":{"line":29,"column":25},"end":{"line":40,"column":3}},"line":29},"2":{"name":"(anonymous_2)","decl":{"start":{"line":41,"column":2},"end":{"line":41,"column":3}},"loc":{"start":{"line":41,"column":16},"end":{"line":50,"column":3}},"line":41},"3":{"name":"(anonymous_3)","decl":{"start":{"line":51,"column":2},"end":{"line":51,"column":3}},"loc":{"start":{"line":51,"column":20},"end":{"line":59,"column":3}},"line":51},"4":{"name":"(anonymous_4)","decl":{"start":{"line":61,"column":2},"end":{"line":61,"column":3}},"loc":{"start":{"line":61,"column":10},"end":{"line":69,"column":3}},"line":61}},"branchMap":{"0":{"loc":{"start":{"line":8,"column":4},"end":{"line":27,"column":5}},"type":"if","locations":[{"start":{"line":8,"column":4},"end":{"line":27,"column":5}},{"start":{"line":8,"column":4},"end":{"line":27,"column":5}}],"line":8},"1":{"loc":{"start":{"line":8,"column":8},"end":{"line":8,"column":76}},"type":"binary-expr","locations":[{"start":{"line":8,"column":8},"end":{"line":8,"column":41}},{"start":{"line":8,"column":45},"end":{"line":8,"column":76}}],"line":8},"2":{"loc":{"start":{"line":9,"column":6},"end":{"line":14,"column":7}},"type":"if","locations":[{"start":{"line":9,"column":6},"end":{"line":14,"column":7}},{"start":{"line":9,"column":6},"end":{"line":14,"column":7}}],"line":9},"3":{"loc":{"start":{"line":10,"column":21},"end":{"line":10,"column":45}},"type":"binary-expr","locations":[{"start":{"line":10,"column":21},"end":{"line":10,"column":32}},{"start":{"line":10,"column":36},"end":{"line":10,"column":45}}],"line":10},"4":{"loc":{"start":{"line":16,"column":9},"end":{"line":27,"column":5}},"type":"if","locations":[{"start":{"line":16,"column":9},"end":{"line":27,"column":5}},{"start":{"line":16,"column":9},"end":{"line":27,"column":5}}],"line":16},"5":{"loc":{"start":{"line":19,"column":9},"end":{"line":27,"column":5}},"type":"if","locations":[{"start":{"line":19,"column":9},"end":{"line":27,"column":5}},{"start":{"line":19,"column":9},"end":{"line":27,"column":5}}],"line":19},"6":{"loc":{"start":{"line":21,"column":10},"end":{"line":27,"column":5}},"type":"if","locations":[{"start":{"line":21,"column":10},"end":{"line":27,"column":5}},{"start":{"line":21,"column":10},"end":{"line":27,"column":5}}],"line":21},"7":{"loc":{"start":{"line":30,"column":4},"end":{"line":39,"column":5}},"type":"if","locations":[{"start":{"line":30,"column":4},"end":{"line":39,"column":5}},{"start":{"line":30,"column":4},"end":{"line":39,"column":5}}],"line":30},"8":{"loc":{"start":{"line":33,"column":9},"end":{"line":39,"column":5}},"type":"if","locations":[{"start":{"line":33,"column":9},"end":{"line":39,"column":5}},{"start":{"line":33,"column":9},"end":{"line":39,"column":5}}],"line":33},"9":{"loc":{"start":{"line":33,"column":13},"end":{"line":33,"column":46}},"type":"binary-expr","locations":[{"start":{"line":33,"column":13},"end":{"line":33,"column":28}},{"start":{"line":33,"column":32},"end":{"line":33,"column":46}}],"line":33},"10":{"loc":{"start":{"line":42,"column":4},"end":{"line":49,"column":5}},"type":"if","locations":[{"start":{"line":42,"column":4},"end":{"line":49,"column":5}},{"start":{"line":42,"column":4},"end":{"line":49,"column":5}}],"line":42},"11":{"loc":{"start":{"line":52,"column":4},"end":{"line":58,"column":5}},"type":"if","locations":[{"start":{"line":52,"column":4},"end":{"line":58,"column":5}},{"start":{"line":52,"column":4},"end":{"line":58,"column":5}}],"line":52},"12":{"loc":{"start":{"line":63,"column":4},"end":{"line":68,"column":5}},"type":"if","locations":[{"start":{"line":63,"column":4},"end":{"line":68,"column":5}},{"start":{"line":63,"column":4},"end":{"line":68,"column":5}}],"line":63},"13":{"loc":{"start":{"line":63,"column":8},"end":{"line":63,"column":67}},"type":"binary-expr","locations":[{"start":{"line":63,"column":8},"end":{"line":63,"column":29}},{"start":{"line":63,"column":33},"end":{"line":63,"column":67}}],"line":63}},"s":{"0":1,"1":9,"2":9,"3":9,"4":0,"5":0,"6":0,"7":9,"8":0,"9":9,"10":0,"11":9,"12":9,"13":9,"14":0,"15":3,"16":1,"17":2,"18":1,"19":1,"20":1,"21":2,"22":1,"23":1,"24":1,"25":1,"26":2,"27":1,"28":1,"29":1,"30":2,"31":2,"32":1,"33":1,"34":1},"f":{"0":9,"1":3,"2":2,"3":2,"4":2},"b":{"0":[0,9],"1":[9,9],"2":[0,0],"3":[0,0],"4":[0,9],"5":[0,9],"6":[9,0],"7":[1,2],"8":[1,1],"9":[2,1],"10":[1,1],"11":[1,1],"12":[1,1],"13":[2,1]},"_coverageSchema":"1a1c01bbd47fc00a2c39e90264f33305004495a9","hash":"b47c418135ae2d0740c4ccf200f682285e47d4c0"}
,"/mnt/c/Users/STD/codefellows/401/notes/models/notes-collection.js": {"path":"/mnt/c/Users/STD/codefellows/401/notes/models/notes-collection.js","statementMap":{"0":{"start":{"line":3,"column":14},"end":{"line":3,"column":38}},"1":{"start":{"line":11,"column":20},"end":{"line":11,"column":37}},"2":{"start":{"line":12,"column":4},"end":{"line":12,"column":34}},"3":{"start":{"line":15,"column":4},"end":{"line":15,"column":38}},"4":{"start":{"line":19,"column":4},"end":{"line":19,"column":69}},"5":{"start":{"line":23,"column":4},"end":{"line":23,"column":46}},"6":{"start":{"line":28,"column":0},"end":{"line":28,"column":29}}},"fnMap":{"0":{"name":"(anonymous_0)","decl":{"start":{"line":7,"column":2},"end":{"line":7,"column":3}},"loc":{"start":{"line":7,"column":16},"end":{"line":8,"column":3}},"line":7},"1":{"name":"(anonymous_1)","decl":{"start":{"line":10,"column":2},"end":{"line":10,"column":3}},"loc":{"start":{"line":10,"column":23},"end":{"line":13,"column":3}},"line":10},"2":{"name":"(anonymous_2)","decl":{"start":{"line":14,"column":2},"end":{"line":14,"column":3}},"loc":{"start":{"line":14,"column":22},"end":{"line":16,"column":3}},"line":14},"3":{"name":"(anonymous_3)","decl":{"start":{"line":18,"column":2},"end":{"line":18,"column":3}},"loc":{"start":{"line":18,"column":28},"end":{"line":20,"column":3}},"line":18},"4":{"name":"(anonymous_4)","decl":{"start":{"line":22,"column":2},"end":{"line":22,"column":3}},"loc":{"start":{"line":22,"column":20},"end":{"line":24,"column":3}},"line":22}},"branchMap":{},"s":{"0":1,"1":2,"2":2,"3":1,"4":0,"5":0,"6":1},"f":{"0":1,"1":2,"2":1,"3":0,"4":0},"b":{},"_coverageSchema":"1a1c01bbd47fc00a2c39e90264f33305004495a9","hash":"2cfcd87b85f277ae157ca73135a0ea9d99750a95"}
,"/mnt/c/Users/STD/codefellows/401/notes/models/notesSchema.js": {"path":"/mnt/c/Users/STD/codefellows/401/notes/models/notesSchema.js","statementMap":{"0":{"start":{"line":3,"column":17},"end":{"line":3,"column":36}},"1":{"start":{"line":5,"column":14},"end":{"line":8,"column":2}},"2":{"start":{"line":10,"column":14},"end":{"line":10,"column":44}},"3":{"start":{"line":11,"column":0},"end":{"line":11,"column":23}}},"fnMap":{},"branchMap":{},"s":{"0":1,"1":1,"2":1,"3":1},"f":{},"b":{},"_coverageSchema":"1a1c01bbd47fc00a2c39e90264f33305004495a9","hash":"b35d36c831d0d3c01ff3aa3121ae7c2be67417e9"}
}
