TN:
SF:lib/input.js
FN:7,(anonymous_0)
FN:34,(anonymous_1)
FNF:2
FNH:2
FNDA:2,(anonymous_0)
FNDA:2,(anonymous_1)
DA:2,1
DA:4,1
DA:8,2
DA:11,2
DA:12,0
DA:13,0
DA:16,2
DA:17,2
DA:19,2
DA:20,1
DA:21,1
DA:22,1
DA:25,0
DA:31,1
DA:35,2
DA:36,2
DA:37,1
DA:40,1
DA:46,1
LF:19
LH:16
BRDA:11,0,0,0
BRDA:11,0,1,2
BRDA:19,1,0,1
BRDA:19,1,1,1
BRDA:19,2,0,2
BRDA:19,2,1,1
BRDA:20,3,0,1
BRDA:20,3,1,0
BRDA:36,4,0,1
BRDA:36,4,1,1
BRDA:36,5,0,2
BRDA:36,5,1,1
BRF:12
BRH:10
end_of_record
TN:
SF:lib/notes.js
FN:4,(anonymous_0)
FN:7,(anonymous_1)
FN:12,(anonymous_2)
FNF:3
FNH:2
FNDA:1,(anonymous_0)
FNDA:0,(anonymous_1)
FNDA:1,(anonymous_2)
DA:8,0
DA:13,1
DA:14,1
DA:15,1
DA:16,1
DA:17,1
DA:24,1
LF:7
LH:6
BRDA:8,0,0,0
BRDA:8,0,1,0
BRDA:13,1,0,1
BRDA:13,1,1,0
BRF:4
BRH:1
end_of_record
