TN:
SF:lib/input.js
FN:5,(anonymous_0)
FN:29,(anonymous_1)
FN:41,(anonymous_2)
FN:51,(anonymous_3)
FN:61,(anonymous_4)
FNF:5
FNH:5
FNDA:9,(anonymous_0)
FNDA:3,(anonymous_1)
FNDA:2,(anonymous_2)
FNDA:2,(anonymous_3)
FNDA:2,(anonymous_4)
DA:2,1
DA:6,9
DA:7,9
DA:8,9
DA:9,0
DA:10,0
DA:13,0
DA:16,9
DA:17,0
DA:19,9
DA:20,0
DA:21,9
DA:22,9
DA:23,9
DA:26,0
DA:30,3
DA:31,1
DA:33,2
DA:34,1
DA:35,1
DA:38,1
DA:42,2
DA:43,1
DA:44,1
DA:47,1
DA:48,1
DA:52,2
DA:53,1
DA:56,1
DA:57,1
DA:62,2
DA:63,2
DA:64,1
DA:67,1
DA:74,1
LF:35
LH:29
BRDA:8,0,0,0
BRDA:8,0,1,9
BRDA:8,1,0,9
BRDA:8,1,1,9
BRDA:9,2,0,0
BRDA:9,2,1,0
BRDA:10,3,0,0
BRDA:10,3,1,0
BRDA:16,4,0,0
BRDA:16,4,1,9
BRDA:19,5,0,0
BRDA:19,5,1,9
BRDA:21,6,0,9
BRDA:21,6,1,0
BRDA:30,7,0,1
BRDA:30,7,1,2
BRDA:33,8,0,1
BRDA:33,8,1,1
BRDA:33,9,0,2
BRDA:33,9,1,1
BRDA:42,10,0,1
BRDA:42,10,1,1
BRDA:52,11,0,1
BRDA:52,11,1,1
BRDA:63,12,0,1
BRDA:63,12,1,1
BRDA:63,13,0,2
BRDA:63,13,1,1
BRF:28
BRH:20
end_of_record
TN:
SF:models/notes-collection.js
FN:7,(anonymous_0)
FN:10,(anonymous_1)
FN:14,(anonymous_2)
FN:18,(anonymous_3)
FN:22,(anonymous_4)
FNF:5
FNH:3
FNDA:1,(anonymous_0)
FNDA:2,(anonymous_1)
FNDA:1,(anonymous_2)
FNDA:0,(anonymous_3)
FNDA:0,(anonymous_4)
DA:3,1
DA:11,2
DA:12,2
DA:15,1
DA:19,0
DA:23,0
DA:28,1
LF:7
LH:5
BRF:0
BRH:0
end_of_record
TN:
SF:models/notesSchema.js
FNF:0
FNH:0
DA:3,1
DA:5,1
DA:10,1
DA:11,1
LF:4
LH:4
BRF:0
BRH:0
end_of_record
